<?xml version="1.0" encoding="UTF-8"?>
<!-- Generated by org.testng.reporters.JUnitReportReporter -->
<testsuite hostname="DESKTOP-H7GFNAJ" failures="0" tests="3" name="data.DataTest" time="0.029" errors="0" timestamp="2024-02-21T12:33:32 IST" skipped="0">
  <testcase classname="data.DataTest" name="test2" time="0.024"/>
  <system-out/>
  <testcase classname="data.DataTest" name="testMethod" time="0.002"/>
  <system-out/>
  <testcase classname="data.DataTest" name="testMethod" time="0.003"/>
  <system-out/>
</testsuite> <!-- data.DataTest -->
