<?xml version="1.0" encoding="UTF-8"?>
<!-- Generated by org.testng.reporters.JUnitReportReporter -->
<testsuite hostname="DESKTOP-H7GFNAJ" failures="0" tests="3" name="data.DataTest" time="0.015" errors="0" timestamp="2024-02-21T12:40:51 IST" skipped="0">
  <testcase classname="data.DataTest" name="testMethod" time="0.000"/>
  <system-out/>
  <testcase classname="data.DataTest" name="test2" time="0.014"/>
  <system-out/>
  <testcase classname="data.DataTest" name="testMethod" time="0.001"/>
  <system-out/>
</testsuite> <!-- data.DataTest -->
